<?xml version="1.0" encoding="UTF-8"?>
<!-- Generated by org.testng.reporters.JUnitReportReporter -->
<testsuite hostname="NRMI-55" name="in.novopay.cbs.apis.createorupdatepricesetup.CreateOrUpdatePriceSetupTest" tests="93" failures="0" timestamp="18 Sep 2020 06:52:41 GMT" time="48.388" errors="3">
  <testcase name="createOrUpdatePriceSetupTest" time="0.468" classname="in.novopay.cbs.apis.createorupdatepricesetup.CreateOrUpdatePriceSetupTest"/>
  <testcase name="createOrUpdatePriceSetupTest" time="0.658" classname="in.novopay.cbs.apis.createorupdatepricesetup.CreateOrUpdatePriceSetupTest">
    <error type="java.lang.AssertionError" message="TEST FAILED!!! Assertion error..!">
      <![CDATA[java.lang.AssertionError: TEST FAILED!!! Assertion error..!
	at org.testng.Assert.fail(Assert.java:94)
	at in.novopay.cbs.utils.ApiUtils.assertAPIResponseStatus(ApiUtils.java:306)
	at in.novopay.cbs.apis.createorupdatepricesetup.CreateOrUpdatePriceSetupTest.createOrUpdatePriceSetupTest(CreateOrUpdatePriceSetupTest.java:51)
	at sun.reflect.GeneratedMethodAccessor437.invoke(Unknown Source)
	at sun.reflect.DelegatingMethodAccessorImpl.invoke(DelegatingMethodAccessorImpl.java:43)
	at java.lang.reflect.Method.invoke(Method.java:498)
	at org.testng.internal.MethodInvocationHelper.invokeMethod(MethodInvocationHelper.java:84)
	at org.testng.internal.Invoker.invokeMethod(Invoker.java:714)
	at org.testng.internal.Invoker.invokeTestMethod(Invoker.java:901)
	at org.testng.internal.Invoker.invokeTestMethods(Invoker.java:1231)
	at org.testng.internal.TestMethodWorker.invokeTestMethods(TestMethodWorker.java:127)
	at org.testng.internal.TestMethodWorker.run(TestMethodWorker.java:111)
	at org.testng.TestRunner.privateRun(TestRunner.java:767)
	at org.testng.TestRunner.run(TestRunner.java:617)
	at org.testng.SuiteRunner.runTest(SuiteRunner.java:348)
	at org.testng.SuiteRunner.runSequentially(SuiteRunner.java:343)
	at org.testng.SuiteRunner.privateRun(SuiteRunner.java:305)
	at org.testng.SuiteRunner.run(SuiteRunner.java:254)
	at org.testng.SuiteRunnerWorker.runSuite(SuiteRunnerWorker.java:52)
	at org.testng.SuiteRunnerWorker.run(SuiteRunnerWorker.java:86)
	at org.testng.TestNG.runSuitesSequentially(TestNG.java:1224)
	at org.testng.TestNG.runSuitesLocally(TestNG.java:1149)
	at org.testng.TestNG.run(TestNG.java:1057)
	at org.testng.remote.AbstractRemoteTestNG.run(AbstractRemoteTestNG.java:115)
	at org.testng.remote.RemoteTestNG.initAndRun(RemoteTestNG.java:251)
	at org.testng.remote.RemoteTestNG.main(RemoteTestNG.java:77)
]]>
    </error>
  </testcase> <!-- createOrUpdatePriceSetupTest -->
  <testcase name="createOrUpdatePriceSetupTest" time="0.484" classname="in.novopay.cbs.apis.createorupdatepricesetup.CreateOrUpdatePriceSetupTest"/>
  <testcase name="createOrUpdatePriceSetupTest" time="0.699" classname="in.novopay.cbs.apis.createorupdatepricesetup.CreateOrUpdatePriceSetupTest"/>
  <testcase name="createOrUpdatePriceSetupTest" time="0.438" classname="in.novopay.cbs.apis.createorupdatepricesetup.CreateOrUpdatePriceSetupTest"/>
  <testcase name="createOrUpdatePriceSetupTest" time="0.906" classname="in.novopay.cbs.apis.createorupdatepricesetup.CreateOrUpdatePriceSetupTest"/>
  <testcase name="createOrUpdatePriceSetupTest" time="0.357" classname="in.novopay.cbs.apis.createorupdatepricesetup.CreateOrUpdatePriceSetupTest"/>
  <testcase name="createOrUpdatePriceSetupTest" time="0.442" classname="in.novopay.cbs.apis.createorupdatepricesetup.CreateOrUpdatePriceSetupTest"/>
  <testcase name="createOrUpdatePriceSetupTest" time="0.445" classname="in.novopay.cbs.apis.createorupdatepricesetup.CreateOrUpdatePriceSetupTest"/>
  <testcase name="createOrUpdatePriceSetupTest" time="0.755" classname="in.novopay.cbs.apis.createorupdatepricesetup.CreateOrUpdatePriceSetupTest"/>
  <testcase name="createOrUpdatePriceSetupTest" time="0.420" classname="in.novopay.cbs.apis.createorupdatepricesetup.CreateOrUpdatePriceSetupTest"/>
  <testcase name="createOrUpdatePriceSetupTest" time="1.595" classname="in.novopay.cbs.apis.createorupdatepricesetup.CreateOrUpdatePriceSetupTest"/>
  <testcase name="createOrUpdatePriceSetupTest" time="0.400" classname="in.novopay.cbs.apis.createorupdatepricesetup.CreateOrUpdatePriceSetupTest"/>
  <testcase name="createOrUpdatePriceSetupTest" time="0.372" classname="in.novopay.cbs.apis.createorupdatepricesetup.CreateOrUpdatePriceSetupTest"/>
  <testcase name="createOrUpdatePriceSetupTest" time="0.358" classname="in.novopay.cbs.apis.createorupdatepricesetup.CreateOrUpdatePriceSetupTest"/>
  <testcase name="createOrUpdatePriceSetupTest" time="0.399" classname="in.novopay.cbs.apis.createorupdatepricesetup.CreateOrUpdatePriceSetupTest"/>
  <testcase name="createOrUpdatePriceSetupTest" time="0.360" classname="in.novopay.cbs.apis.createorupdatepricesetup.CreateOrUpdatePriceSetupTest"/>
  <testcase name="createOrUpdatePriceSetupTest" time="0.316" classname="in.novopay.cbs.apis.createorupdatepricesetup.CreateOrUpdatePriceSetupTest"/>
  <testcase name="createOrUpdatePriceSetupTest" time="0.405" classname="in.novopay.cbs.apis.createorupdatepricesetup.CreateOrUpdatePriceSetupTest"/>
  <testcase name="createOrUpdatePriceSetupTest" time="0.460" classname="in.novopay.cbs.apis.createorupdatepricesetup.CreateOrUpdatePriceSetupTest"/>
  <testcase name="createOrUpdatePriceSetupTest" time="0.393" classname="in.novopay.cbs.apis.createorupdatepricesetup.CreateOrUpdatePriceSetupTest"/>
  <testcase name="createOrUpdatePriceSetupTest" time="1.037" classname="in.novopay.cbs.apis.createorupdatepricesetup.CreateOrUpdatePriceSetupTest"/>
  <testcase name="createOrUpdatePriceSetupTest" time="0.563" classname="in.novopay.cbs.apis.createorupdatepricesetup.CreateOrUpdatePriceSetupTest"/>
  <testcase name="createOrUpdatePriceSetupTest" time="0.459" classname="in.novopay.cbs.apis.createorupdatepricesetup.CreateOrUpdatePriceSetupTest"/>
  <testcase name="createOrUpdatePriceSetupTest" time="0.517" classname="in.novopay.cbs.apis.createorupdatepricesetup.CreateOrUpdatePriceSetupTest">
    <error type="java.lang.AssertionError" message="TEST FAILED!!! Assertion error..!">
      <![CDATA[java.lang.AssertionError: TEST FAILED!!! Assertion error..!
	at org.testng.Assert.fail(Assert.java:94)
	at in.novopay.cbs.utils.ApiUtils.assertAPIResponseStatus(ApiUtils.java:306)
	at in.novopay.cbs.apis.createorupdatepricesetup.CreateOrUpdatePriceSetupTest.createOrUpdatePriceSetupTest(CreateOrUpdatePriceSetupTest.java:51)
	at sun.reflect.NativeMethodAccessorImpl.invoke0(Native Method)
	at sun.reflect.NativeMethodAccessorImpl.invoke(NativeMethodAccessorImpl.java:62)
	at sun.reflect.DelegatingMethodAccessorImpl.invoke(DelegatingMethodAccessorImpl.java:43)
	at java.lang.reflect.Method.invoke(Method.java:498)
	at org.testng.internal.MethodInvocationHelper.invokeMethod(MethodInvocationHelper.java:84)
	at org.testng.internal.Invoker.invokeMethod(Invoker.java:714)
	at org.testng.internal.Invoker.invokeTestMethod(Invoker.java:901)
	at org.testng.internal.Invoker.invokeTestMethods(Invoker.java:1231)
	at org.testng.internal.TestMethodWorker.invokeTestMethods(TestMethodWorker.java:127)
	at org.testng.internal.TestMethodWorker.run(TestMethodWorker.java:111)
	at org.testng.TestRunner.privateRun(TestRunner.java:767)
	at org.testng.TestRunner.run(TestRunner.java:617)
	at org.testng.SuiteRunner.runTest(SuiteRunner.java:348)
	at org.testng.SuiteRunner.runSequentially(SuiteRunner.java:343)
	at org.testng.SuiteRunner.privateRun(SuiteRunner.java:305)
	at org.testng.SuiteRunner.run(SuiteRunner.java:254)
	at org.testng.SuiteRunnerWorker.runSuite(SuiteRunnerWorker.java:52)
	at org.testng.SuiteRunnerWorker.run(SuiteRunnerWorker.java:86)
	at org.testng.TestNG.runSuitesSequentially(TestNG.java:1224)
	at org.testng.TestNG.runSuitesLocally(TestNG.java:1149)
	at org.testng.TestNG.run(TestNG.java:1057)
	at org.testng.remote.AbstractRemoteTestNG.run(AbstractRemoteTestNG.java:115)
	at org.testng.remote.RemoteTestNG.initAndRun(RemoteTestNG.java:251)
	at org.testng.remote.RemoteTestNG.main(RemoteTestNG.java:77)
]]>
    </error>
  </testcase> <!-- createOrUpdatePriceSetupTest -->
  <testcase name="createOrUpdatePriceSetupTest" time="0.381" classname="in.novopay.cbs.apis.createorupdatepricesetup.CreateOrUpdatePriceSetupTest"/>
  <testcase name="createOrUpdatePriceSetupTest" time="0.350" classname="in.novopay.cbs.apis.createorupdatepricesetup.CreateOrUpdatePriceSetupTest"/>
  <testcase name="createOrUpdatePriceSetupTest" time="0.343" classname="in.novopay.cbs.apis.createorupdatepricesetup.CreateOrUpdatePriceSetupTest"/>
  <testcase name="createOrUpdatePriceSetupTest" time="0.518" classname="in.novopay.cbs.apis.createorupdatepricesetup.CreateOrUpdatePriceSetupTest"/>
  <testcase name="createOrUpdatePriceSetupTest" time="0.430" classname="in.novopay.cbs.apis.createorupdatepricesetup.CreateOrUpdatePriceSetupTest"/>
  <testcase name="createOrUpdatePriceSetupTest" time="0.418" classname="in.novopay.cbs.apis.createorupdatepricesetup.CreateOrUpdatePriceSetupTest"/>
  <testcase name="createOrUpdatePriceSetupTest" time="0.447" classname="in.novopay.cbs.apis.createorupdatepricesetup.CreateOrUpdatePriceSetupTest"/>
  <testcase name="createOrUpdatePriceSetupTest" time="0.531" classname="in.novopay.cbs.apis.createorupdatepricesetup.CreateOrUpdatePriceSetupTest"/>
  <testcase name="createOrUpdatePriceSetupTest" time="0.373" classname="in.novopay.cbs.apis.createorupdatepricesetup.CreateOrUpdatePriceSetupTest"/>
  <testcase name="createOrUpdatePriceSetupTest" time="0.705" classname="in.novopay.cbs.apis.createorupdatepricesetup.CreateOrUpdatePriceSetupTest"/>
  <testcase name="createOrUpdatePriceSetupTest" time="0.368" classname="in.novopay.cbs.apis.createorupdatepricesetup.CreateOrUpdatePriceSetupTest"/>
  <testcase name="createOrUpdatePriceSetupTest" time="0.402" classname="in.novopay.cbs.apis.createorupdatepricesetup.CreateOrUpdatePriceSetupTest"/>
  <testcase name="createOrUpdatePriceSetupTest" time="0.893" classname="in.novopay.cbs.apis.createorupdatepricesetup.CreateOrUpdatePriceSetupTest"/>
  <testcase name="createOrUpdatePriceSetupTest" time="0.904" classname="in.novopay.cbs.apis.createorupdatepricesetup.CreateOrUpdatePriceSetupTest">
    <error type="java.lang.AssertionError" message="TEST FAILED!!! Assertion error..!">
      <![CDATA[java.lang.AssertionError: TEST FAILED!!! Assertion error..!
	at org.testng.Assert.fail(Assert.java:94)
	at in.novopay.cbs.utils.ApiUtils.assertAPIResponseStatus(ApiUtils.java:306)
	at in.novopay.cbs.apis.createorupdatepricesetup.CreateOrUpdatePriceSetupTest.createOrUpdatePriceSetupTest(CreateOrUpdatePriceSetupTest.java:51)
	at sun.reflect.GeneratedMethodAccessor437.invoke(Unknown Source)
	at sun.reflect.DelegatingMethodAccessorImpl.invoke(DelegatingMethodAccessorImpl.java:43)
	at java.lang.reflect.Method.invoke(Method.java:498)
	at org.testng.internal.MethodInvocationHelper.invokeMethod(MethodInvocationHelper.java:84)
	at org.testng.internal.Invoker.invokeMethod(Invoker.java:714)
	at org.testng.internal.Invoker.invokeTestMethod(Invoker.java:901)
	at org.testng.internal.Invoker.invokeTestMethods(Invoker.java:1231)
	at org.testng.internal.TestMethodWorker.invokeTestMethods(TestMethodWorker.java:127)
	at org.testng.internal.TestMethodWorker.run(TestMethodWorker.java:111)
	at org.testng.TestRunner.privateRun(TestRunner.java:767)
	at org.testng.TestRunner.run(TestRunner.java:617)
	at org.testng.SuiteRunner.runTest(SuiteRunner.java:348)
	at org.testng.SuiteRunner.runSequentially(SuiteRunner.java:343)
	at org.testng.SuiteRunner.privateRun(SuiteRunner.java:305)
	at org.testng.SuiteRunner.run(SuiteRunner.java:254)
	at org.testng.SuiteRunnerWorker.runSuite(SuiteRunnerWorker.java:52)
	at org.testng.SuiteRunnerWorker.run(SuiteRunnerWorker.java:86)
	at org.testng.TestNG.runSuitesSequentially(TestNG.java:1224)
	at org.testng.TestNG.runSuitesLocally(TestNG.java:1149)
	at org.testng.TestNG.run(TestNG.java:1057)
	at org.testng.remote.AbstractRemoteTestNG.run(AbstractRemoteTestNG.java:115)
	at org.testng.remote.RemoteTestNG.initAndRun(RemoteTestNG.java:251)
	at org.testng.remote.RemoteTestNG.main(RemoteTestNG.java:77)
]]>
    </error>
  </testcase> <!-- createOrUpdatePriceSetupTest -->
  <testcase name="createOrUpdatePriceSetupTest" time="0.402" classname="in.novopay.cbs.apis.createorupdatepricesetup.CreateOrUpdatePriceSetupTest"/>
  <testcase name="createOrUpdatePriceSetupTest" time="1.013" classname="in.novopay.cbs.apis.createorupdatepricesetup.CreateOrUpdatePriceSetupTest"/>
  <testcase name="createOrUpdatePriceSetupTest" time="0.581" classname="in.novopay.cbs.apis.createorupdatepricesetup.CreateOrUpdatePriceSetupTest"/>
  <testcase name="createOrUpdatePriceSetupTest" time="0.477" classname="in.novopay.cbs.apis.createorupdatepricesetup.CreateOrUpdatePriceSetupTest"/>
  <testcase name="createOrUpdatePriceSetupTest" time="0.403" classname="in.novopay.cbs.apis.createorupdatepricesetup.CreateOrUpdatePriceSetupTest"/>
  <testcase name="createOrUpdatePriceSetupTest" time="0.389" classname="in.novopay.cbs.apis.createorupdatepricesetup.CreateOrUpdatePriceSetupTest"/>
  <testcase name="createOrUpdatePriceSetupTest" time="0.419" classname="in.novopay.cbs.apis.createorupdatepricesetup.CreateOrUpdatePriceSetupTest"/>
  <testcase name="createOrUpdatePriceSetupTest" time="0.978" classname="in.novopay.cbs.apis.createorupdatepricesetup.CreateOrUpdatePriceSetupTest"/>
  <testcase name="createOrUpdatePriceSetupTest" time="0.662" classname="in.novopay.cbs.apis.createorupdatepricesetup.CreateOrUpdatePriceSetupTest"/>
  <testcase name="createOrUpdatePriceSetupTest" time="0.638" classname="in.novopay.cbs.apis.createorupdatepricesetup.CreateOrUpdatePriceSetupTest"/>
  <testcase name="createOrUpdatePriceSetupTest" time="0.345" classname="in.novopay.cbs.apis.createorupdatepricesetup.CreateOrUpdatePriceSetupTest"/>
  <testcase name="createOrUpdatePriceSetupTest" time="0.355" classname="in.novopay.cbs.apis.createorupdatepricesetup.CreateOrUpdatePriceSetupTest"/>
  <testcase name="createOrUpdatePriceSetupTest" time="0.375" classname="in.novopay.cbs.apis.createorupdatepricesetup.CreateOrUpdatePriceSetupTest"/>
  <testcase name="createOrUpdatePriceSetupTest" time="0.387" classname="in.novopay.cbs.apis.createorupdatepricesetup.CreateOrUpdatePriceSetupTest"/>
  <testcase name="createOrUpdatePriceSetupTest" time="0.489" classname="in.novopay.cbs.apis.createorupdatepricesetup.CreateOrUpdatePriceSetupTest"/>
  <testcase name="createOrUpdatePriceSetupTest" time="0.585" classname="in.novopay.cbs.apis.createorupdatepricesetup.CreateOrUpdatePriceSetupTest"/>
  <testcase name="createOrUpdatePriceSetupTest" time="0.885" classname="in.novopay.cbs.apis.createorupdatepricesetup.CreateOrUpdatePriceSetupTest"/>
  <testcase name="createOrUpdatePriceSetupTest" time="0.361" classname="in.novopay.cbs.apis.createorupdatepricesetup.CreateOrUpdatePriceSetupTest"/>
  <testcase name="createOrUpdatePriceSetupTest" time="0.594" classname="in.novopay.cbs.apis.createorupdatepricesetup.CreateOrUpdatePriceSetupTest"/>
  <testcase name="createOrUpdatePriceSetupTest" time="0.897" classname="in.novopay.cbs.apis.createorupdatepricesetup.CreateOrUpdatePriceSetupTest"/>
  <testcase name="createOrUpdatePriceSetupTest" time="0.380" classname="in.novopay.cbs.apis.createorupdatepricesetup.CreateOrUpdatePriceSetupTest"/>
  <testcase name="createOrUpdatePriceSetupTest" time="0.442" classname="in.novopay.cbs.apis.createorupdatepricesetup.CreateOrUpdatePriceSetupTest"/>
  <testcase name="createOrUpdatePriceSetupTest" time="0.339" classname="in.novopay.cbs.apis.createorupdatepricesetup.CreateOrUpdatePriceSetupTest"/>
  <testcase name="createOrUpdatePriceSetupTest" time="0.389" classname="in.novopay.cbs.apis.createorupdatepricesetup.CreateOrUpdatePriceSetupTest"/>
  <testcase name="createOrUpdatePriceSetupTest" time="0.361" classname="in.novopay.cbs.apis.createorupdatepricesetup.CreateOrUpdatePriceSetupTest"/>
  <testcase name="createOrUpdatePriceSetupTest" time="0.958" classname="in.novopay.cbs.apis.createorupdatepricesetup.CreateOrUpdatePriceSetupTest"/>
  <testcase name="createOrUpdatePriceSetupTest" time="0.853" classname="in.novopay.cbs.apis.createorupdatepricesetup.CreateOrUpdatePriceSetupTest"/>
  <testcase name="createOrUpdatePriceSetupTest" time="0.387" classname="in.novopay.cbs.apis.createorupdatepricesetup.CreateOrUpdatePriceSetupTest"/>
  <testcase name="createOrUpdatePriceSetupTest" time="0.433" classname="in.novopay.cbs.apis.createorupdatepricesetup.CreateOrUpdatePriceSetupTest"/>
  <testcase name="createOrUpdatePriceSetupTest" time="0.439" classname="in.novopay.cbs.apis.createorupdatepricesetup.CreateOrUpdatePriceSetupTest"/>
  <testcase name="createOrUpdatePriceSetupTest" time="0.422" classname="in.novopay.cbs.apis.createorupdatepricesetup.CreateOrUpdatePriceSetupTest"/>
  <testcase name="createOrUpdatePriceSetupTest" time="0.372" classname="in.novopay.cbs.apis.createorupdatepricesetup.CreateOrUpdatePriceSetupTest"/>
  <testcase name="createOrUpdatePriceSetupTest" time="0.372" classname="in.novopay.cbs.apis.createorupdatepricesetup.CreateOrUpdatePriceSetupTest"/>
  <testcase name="createOrUpdatePriceSetupTest" time="0.569" classname="in.novopay.cbs.apis.createorupdatepricesetup.CreateOrUpdatePriceSetupTest"/>
  <testcase name="createOrUpdatePriceSetupTest" time="0.348" classname="in.novopay.cbs.apis.createorupdatepricesetup.CreateOrUpdatePriceSetupTest"/>
  <testcase name="createOrUpdatePriceSetupTest" time="0.406" classname="in.novopay.cbs.apis.createorupdatepricesetup.CreateOrUpdatePriceSetupTest"/>
  <testcase name="createOrUpdatePriceSetupTest" time="0.472" classname="in.novopay.cbs.apis.createorupdatepricesetup.CreateOrUpdatePriceSetupTest"/>
  <testcase name="createOrUpdatePriceSetupTest" time="0.583" classname="in.novopay.cbs.apis.createorupdatepricesetup.CreateOrUpdatePriceSetupTest"/>
  <testcase name="createOrUpdatePriceSetupTest" time="0.408" classname="in.novopay.cbs.apis.createorupdatepricesetup.CreateOrUpdatePriceSetupTest"/>
  <testcase name="createOrUpdatePriceSetupTest" time="0.393" classname="in.novopay.cbs.apis.createorupdatepricesetup.CreateOrUpdatePriceSetupTest"/>
  <testcase name="createOrUpdatePriceSetupTest" time="0.457" classname="in.novopay.cbs.apis.createorupdatepricesetup.CreateOrUpdatePriceSetupTest"/>
  <testcase name="createOrUpdatePriceSetupTest" time="0.683" classname="in.novopay.cbs.apis.createorupdatepricesetup.CreateOrUpdatePriceSetupTest"/>
  <testcase name="createOrUpdatePriceSetupTest" time="0.320" classname="in.novopay.cbs.apis.createorupdatepricesetup.CreateOrUpdatePriceSetupTest"/>
  <testcase name="createOrUpdatePriceSetupTest" time="0.457" classname="in.novopay.cbs.apis.createorupdatepricesetup.CreateOrUpdatePriceSetupTest"/>
  <testcase name="createOrUpdatePriceSetupTest" time="0.695" classname="in.novopay.cbs.apis.createorupdatepricesetup.CreateOrUpdatePriceSetupTest"/>
  <testcase name="createOrUpdatePriceSetupTest" time="0.503" classname="in.novopay.cbs.apis.createorupdatepricesetup.CreateOrUpdatePriceSetupTest"/>
  <testcase name="createOrUpdatePriceSetupTest" time="0.917" classname="in.novopay.cbs.apis.createorupdatepricesetup.CreateOrUpdatePriceSetupTest"/>
  <testcase name="createOrUpdatePriceSetupTest" time="0.667" classname="in.novopay.cbs.apis.createorupdatepricesetup.CreateOrUpdatePriceSetupTest"/>
  <testcase name="createOrUpdatePriceSetupTest" time="0.369" classname="in.novopay.cbs.apis.createorupdatepricesetup.CreateOrUpdatePriceSetupTest"/>
  <testcase name="createOrUpdatePriceSetupTest" time="0.453" classname="in.novopay.cbs.apis.createorupdatepricesetup.CreateOrUpdatePriceSetupTest"/>
  <testcase name="createOrUpdatePriceSetupTest" time="0.379" classname="in.novopay.cbs.apis.createorupdatepricesetup.CreateOrUpdatePriceSetupTest"/>
  <testcase name="createOrUpdatePriceSetupTest" time="0.419" classname="in.novopay.cbs.apis.createorupdatepricesetup.CreateOrUpdatePriceSetupTest"/>
  <testcase name="createOrUpdatePriceSetupTest" time="0.403" classname="in.novopay.cbs.apis.createorupdatepricesetup.CreateOrUpdatePriceSetupTest"/>
  <testcase name="createOrUpdatePriceSetupTest" time="0.336" classname="in.novopay.cbs.apis.createorupdatepricesetup.CreateOrUpdatePriceSetupTest"/>
</testsuite> <!-- in.novopay.cbs.apis.createorupdatepricesetup.CreateOrUpdatePriceSetupTest -->
