<?xml version="1.0" encoding="UTF-8"?>
<!-- Generated by org.testng.reporters.JUnitReportReporter -->
<testsuite hostname="NRMI-55" name="in.novopay.cbs.apis.getproductschemelist.GetProductSchemeListTest" tests="23" failures="0" timestamp="18 Sep 2020 06:52:41 GMT" time="8.474" errors="1">
  <testcase name="getProductSchemeListTest" time="0.327" classname="in.novopay.cbs.apis.getproductschemelist.GetProductSchemeListTest"/>
  <testcase name="getProductSchemeListTest" time="0.330" classname="in.novopay.cbs.apis.getproductschemelist.GetProductSchemeListTest"/>
  <testcase name="getProductSchemeListTest" time="0.373" classname="in.novopay.cbs.apis.getproductschemelist.GetProductSchemeListTest"/>
  <testcase name="getProductSchemeListTest" time="0.402" classname="in.novopay.cbs.apis.getproductschemelist.GetProductSchemeListTest"/>
  <testcase name="getProductSchemeListTest" time="0.376" classname="in.novopay.cbs.apis.getproductschemelist.GetProductSchemeListTest"/>
  <testcase name="getProductSchemeListTest" time="0.439" classname="in.novopay.cbs.apis.getproductschemelist.GetProductSchemeListTest"/>
  <testcase name="getProductSchemeListTest" time="0.385" classname="in.novopay.cbs.apis.getproductschemelist.GetProductSchemeListTest"/>
  <testcase name="getProductSchemeListTest" time="0.346" classname="in.novopay.cbs.apis.getproductschemelist.GetProductSchemeListTest"/>
  <testcase name="getProductSchemeListTest" time="0.372" classname="in.novopay.cbs.apis.getproductschemelist.GetProductSchemeListTest"/>
  <testcase name="getProductSchemeListTest" time="0.366" classname="in.novopay.cbs.apis.getproductschemelist.GetProductSchemeListTest">
    <error type="java.lang.AssertionError" message="TEST FAILED!!! Assertion error..!">
      <![CDATA[java.lang.AssertionError: TEST FAILED!!! Assertion error..!
	at org.testng.Assert.fail(Assert.java:94)
	at in.novopay.cbs.utils.ApiUtils.assertAPIResponseStatus(ApiUtils.java:306)
	at in.novopay.cbs.apis.getproductschemelist.GetProductSchemeListTest.getProductSchemeListTest(GetProductSchemeListTest.java:46)
	at sun.reflect.NativeMethodAccessorImpl.invoke0(Native Method)
	at sun.reflect.NativeMethodAccessorImpl.invoke(NativeMethodAccessorImpl.java:62)
	at sun.reflect.DelegatingMethodAccessorImpl.invoke(DelegatingMethodAccessorImpl.java:43)
	at java.lang.reflect.Method.invoke(Method.java:498)
	at org.testng.internal.MethodInvocationHelper.invokeMethod(MethodInvocationHelper.java:84)
	at org.testng.internal.Invoker.invokeMethod(Invoker.java:714)
	at org.testng.internal.Invoker.invokeTestMethod(Invoker.java:901)
	at org.testng.internal.Invoker.invokeTestMethods(Invoker.java:1231)
	at org.testng.internal.TestMethodWorker.invokeTestMethods(TestMethodWorker.java:127)
	at org.testng.internal.TestMethodWorker.run(TestMethodWorker.java:111)
	at org.testng.TestRunner.privateRun(TestRunner.java:767)
	at org.testng.TestRunner.run(TestRunner.java:617)
	at org.testng.SuiteRunner.runTest(SuiteRunner.java:348)
	at org.testng.SuiteRunner.runSequentially(SuiteRunner.java:343)
	at org.testng.SuiteRunner.privateRun(SuiteRunner.java:305)
	at org.testng.SuiteRunner.run(SuiteRunner.java:254)
	at org.testng.SuiteRunnerWorker.runSuite(SuiteRunnerWorker.java:52)
	at org.testng.SuiteRunnerWorker.run(SuiteRunnerWorker.java:86)
	at org.testng.TestNG.runSuitesSequentially(TestNG.java:1224)
	at org.testng.TestNG.runSuitesLocally(TestNG.java:1149)
	at org.testng.TestNG.run(TestNG.java:1057)
	at org.testng.remote.AbstractRemoteTestNG.run(AbstractRemoteTestNG.java:115)
	at org.testng.remote.RemoteTestNG.initAndRun(RemoteTestNG.java:251)
	at org.testng.remote.RemoteTestNG.main(RemoteTestNG.java:77)
]]>
    </error>
  </testcase> <!-- getProductSchemeListTest -->
  <testcase name="getProductSchemeListTest" time="0.347" classname="in.novopay.cbs.apis.getproductschemelist.GetProductSchemeListTest"/>
  <testcase name="getProductSchemeListTest" time="0.335" classname="in.novopay.cbs.apis.getproductschemelist.GetProductSchemeListTest"/>
  <testcase name="getProductSchemeListTest" time="0.336" classname="in.novopay.cbs.apis.getproductschemelist.GetProductSchemeListTest"/>
  <testcase name="getProductSchemeListTest" time="0.367" classname="in.novopay.cbs.apis.getproductschemelist.GetProductSchemeListTest"/>
  <testcase name="getProductSchemeListTest" time="0.349" classname="in.novopay.cbs.apis.getproductschemelist.GetProductSchemeListTest"/>
  <testcase name="getProductSchemeListTest" time="0.382" classname="in.novopay.cbs.apis.getproductschemelist.GetProductSchemeListTest"/>
  <testcase name="getProductSchemeListTest" time="0.376" classname="in.novopay.cbs.apis.getproductschemelist.GetProductSchemeListTest"/>
  <testcase name="getProductSchemeListTest" time="0.407" classname="in.novopay.cbs.apis.getproductschemelist.GetProductSchemeListTest"/>
  <testcase name="getProductSchemeListTest" time="0.383" classname="in.novopay.cbs.apis.getproductschemelist.GetProductSchemeListTest"/>
  <testcase name="getProductSchemeListTest" time="0.339" classname="in.novopay.cbs.apis.getproductschemelist.GetProductSchemeListTest"/>
  <testcase name="getProductSchemeListTest" time="0.419" classname="in.novopay.cbs.apis.getproductschemelist.GetProductSchemeListTest"/>
  <testcase name="getProductSchemeListTest" time="0.371" classname="in.novopay.cbs.apis.getproductschemelist.GetProductSchemeListTest"/>
  <testcase name="getProductSchemeListTest" time="0.347" classname="in.novopay.cbs.apis.getproductschemelist.GetProductSchemeListTest"/>
</testsuite> <!-- in.novopay.cbs.apis.getproductschemelist.GetProductSchemeListTest -->
