<?xml version="1.0" encoding="UTF-8"?>
<!-- Generated by org.testng.reporters.JUnitReportReporter -->
<testsuite hostname="NRMI-55" name="in.novopay.cbs.apis.getrolelist.GetRoleList_Positive" tests="20" failures="0" timestamp="18 Sep 2020 06:52:41 GMT" time="8.218" errors="2">
  <testcase name="getRoleListTest" time="0.495" classname="in.novopay.cbs.apis.getrolelist.GetRoleList_Positive"/>
  <testcase name="getRoleListTest" time="0.420" classname="in.novopay.cbs.apis.getrolelist.GetRoleList_Positive"/>
  <testcase name="getRoleListTest" time="0.515" classname="in.novopay.cbs.apis.getrolelist.GetRoleList_Positive"/>
  <testcase name="getRoleListTest" time="0.291" classname="in.novopay.cbs.apis.getrolelist.GetRoleList_Positive">
    <error type="java.lang.AssertionError" message="TEST FAILED!!! Assertion error..!">
      <![CDATA[java.lang.AssertionError: TEST FAILED!!! Assertion error..!
	at org.testng.Assert.fail(Assert.java:94)
	at in.novopay.cbs.utils.ApiUtils.assertAPIResponseStatus(ApiUtils.java:306)
	at in.novopay.cbs.apis.getrolelist.GetRoleList_Positive.getRoleListTest(GetRoleList_Positive.java:50)
	at sun.reflect.NativeMethodAccessorImpl.invoke0(Native Method)
	at sun.reflect.NativeMethodAccessorImpl.invoke(NativeMethodAccessorImpl.java:62)
	at sun.reflect.DelegatingMethodAccessorImpl.invoke(DelegatingMethodAccessorImpl.java:43)
	at java.lang.reflect.Method.invoke(Method.java:498)
	at org.testng.internal.MethodInvocationHelper.invokeMethod(MethodInvocationHelper.java:84)
	at org.testng.internal.Invoker.invokeMethod(Invoker.java:714)
	at org.testng.internal.Invoker.invokeTestMethod(Invoker.java:901)
	at org.testng.internal.Invoker.invokeTestMethods(Invoker.java:1231)
	at org.testng.internal.TestMethodWorker.invokeTestMethods(TestMethodWorker.java:127)
	at org.testng.internal.TestMethodWorker.run(TestMethodWorker.java:111)
	at org.testng.TestRunner.privateRun(TestRunner.java:767)
	at org.testng.TestRunner.run(TestRunner.java:617)
	at org.testng.SuiteRunner.runTest(SuiteRunner.java:348)
	at org.testng.SuiteRunner.runSequentially(SuiteRunner.java:343)
	at org.testng.SuiteRunner.privateRun(SuiteRunner.java:305)
	at org.testng.SuiteRunner.run(SuiteRunner.java:254)
	at org.testng.SuiteRunnerWorker.runSuite(SuiteRunnerWorker.java:52)
	at org.testng.SuiteRunnerWorker.run(SuiteRunnerWorker.java:86)
	at org.testng.TestNG.runSuitesSequentially(TestNG.java:1224)
	at org.testng.TestNG.runSuitesLocally(TestNG.java:1149)
	at org.testng.TestNG.run(TestNG.java:1057)
	at org.testng.remote.AbstractRemoteTestNG.run(AbstractRemoteTestNG.java:115)
	at org.testng.remote.RemoteTestNG.initAndRun(RemoteTestNG.java:251)
	at org.testng.remote.RemoteTestNG.main(RemoteTestNG.java:77)
]]>
    </error>
  </testcase> <!-- getRoleListTest -->
  <testcase name="getRoleListTest" time="0.501" classname="in.novopay.cbs.apis.getrolelist.GetRoleList_Positive"/>
  <testcase name="getRoleListTest" time="0.439" classname="in.novopay.cbs.apis.getrolelist.GetRoleList_Positive"/>
  <testcase name="getRoleListTest" time="0.436" classname="in.novopay.cbs.apis.getrolelist.GetRoleList_Positive"/>
  <testcase name="getRoleListTest" time="0.516" classname="in.novopay.cbs.apis.getrolelist.GetRoleList_Positive"/>
  <testcase name="getRoleListTest" time="0.453" classname="in.novopay.cbs.apis.getrolelist.GetRoleList_Positive"/>
  <testcase name="getRoleListTest" time="0.293" classname="in.novopay.cbs.apis.getrolelist.GetRoleList_Positive"/>
  <testcase name="getRoleListTest" time="0.447" classname="in.novopay.cbs.apis.getrolelist.GetRoleList_Positive"/>
  <testcase name="getRoleListTest" time="0.354" classname="in.novopay.cbs.apis.getrolelist.GetRoleList_Positive"/>
  <testcase name="getRoleListTest" time="0.311" classname="in.novopay.cbs.apis.getrolelist.GetRoleList_Positive"/>
  <testcase name="getRoleListTest" time="0.338" classname="in.novopay.cbs.apis.getrolelist.GetRoleList_Positive"/>
  <testcase name="getRoleListTest" time="0.444" classname="in.novopay.cbs.apis.getrolelist.GetRoleList_Positive"/>
  <testcase name="getRoleListTest" time="0.410" classname="in.novopay.cbs.apis.getrolelist.GetRoleList_Positive"/>
  <testcase name="getRoleListTest" time="0.276" classname="in.novopay.cbs.apis.getrolelist.GetRoleList_Positive">
    <error type="java.lang.AssertionError" message="TEST FAILED!!! Assertion error..!">
      <![CDATA[java.lang.AssertionError: TEST FAILED!!! Assertion error..!
	at org.testng.Assert.fail(Assert.java:94)
	at in.novopay.cbs.utils.ApiUtils.assertAPIResponseStatus(ApiUtils.java:306)
	at in.novopay.cbs.apis.getrolelist.GetRoleList_Positive.getRoleListTest(GetRoleList_Positive.java:50)
	at sun.reflect.NativeMethodAccessorImpl.invoke0(Native Method)
	at sun.reflect.NativeMethodAccessorImpl.invoke(NativeMethodAccessorImpl.java:62)
	at sun.reflect.DelegatingMethodAccessorImpl.invoke(DelegatingMethodAccessorImpl.java:43)
	at java.lang.reflect.Method.invoke(Method.java:498)
	at org.testng.internal.MethodInvocationHelper.invokeMethod(MethodInvocationHelper.java:84)
	at org.testng.internal.Invoker.invokeMethod(Invoker.java:714)
	at org.testng.internal.Invoker.invokeTestMethod(Invoker.java:901)
	at org.testng.internal.Invoker.invokeTestMethods(Invoker.java:1231)
	at org.testng.internal.TestMethodWorker.invokeTestMethods(TestMethodWorker.java:127)
	at org.testng.internal.TestMethodWorker.run(TestMethodWorker.java:111)
	at org.testng.TestRunner.privateRun(TestRunner.java:767)
	at org.testng.TestRunner.run(TestRunner.java:617)
	at org.testng.SuiteRunner.runTest(SuiteRunner.java:348)
	at org.testng.SuiteRunner.runSequentially(SuiteRunner.java:343)
	at org.testng.SuiteRunner.privateRun(SuiteRunner.java:305)
	at org.testng.SuiteRunner.run(SuiteRunner.java:254)
	at org.testng.SuiteRunnerWorker.runSuite(SuiteRunnerWorker.java:52)
	at org.testng.SuiteRunnerWorker.run(SuiteRunnerWorker.java:86)
	at org.testng.TestNG.runSuitesSequentially(TestNG.java:1224)
	at org.testng.TestNG.runSuitesLocally(TestNG.java:1149)
	at org.testng.TestNG.run(TestNG.java:1057)
	at org.testng.remote.AbstractRemoteTestNG.run(AbstractRemoteTestNG.java:115)
	at org.testng.remote.RemoteTestNG.initAndRun(RemoteTestNG.java:251)
	at org.testng.remote.RemoteTestNG.main(RemoteTestNG.java:77)
]]>
    </error>
  </testcase> <!-- getRoleListTest -->
  <testcase name="getRoleListTest" time="0.445" classname="in.novopay.cbs.apis.getrolelist.GetRoleList_Positive"/>
  <testcase name="getRoleListTest" time="0.478" classname="in.novopay.cbs.apis.getrolelist.GetRoleList_Positive"/>
  <testcase name="getRoleListTest" time="0.356" classname="in.novopay.cbs.apis.getrolelist.GetRoleList_Positive"/>
</testsuite> <!-- in.novopay.cbs.apis.getrolelist.GetRoleList_Positive -->
