<?xml version="1.0" encoding="UTF-8"?>
<!-- Generated by org.testng.reporters.JUnitReportReporter -->
<testsuite hostname="NRMI-55" name="in.novopay.cbs.apis.createorupdateinternalaccount.CreateOrUpdateInternalAccountTest" tests="53" failures="0" timestamp="18 Sep 2020 06:52:41 GMT" time="33.310" errors="3">
  <testcase name="createOrUpdateInternalAccountTest" time="0.489" classname="in.novopay.cbs.apis.createorupdateinternalaccount.CreateOrUpdateInternalAccountTest"/>
  <testcase name="createOrUpdateInternalAccountTest" time="0.540" classname="in.novopay.cbs.apis.createorupdateinternalaccount.CreateOrUpdateInternalAccountTest">
    <error type="java.lang.AssertionError" message="TEST FAILED!!! Assertion error..!">
      <![CDATA[java.lang.AssertionError: TEST FAILED!!! Assertion error..!
	at org.testng.Assert.fail(Assert.java:94)
	at in.novopay.cbs.utils.ApiUtils.assertAPIResponseStatus(ApiUtils.java:306)
	at in.novopay.cbs.apis.createorupdateinternalaccount.CreateOrUpdateInternalAccountTest.createOrUpdateInternalAccountTest(CreateOrUpdateInternalAccountTest.java:46)
	at sun.reflect.GeneratedMethodAccessor383.invoke(Unknown Source)
	at sun.reflect.DelegatingMethodAccessorImpl.invoke(DelegatingMethodAccessorImpl.java:43)
	at java.lang.reflect.Method.invoke(Method.java:498)
	at org.testng.internal.MethodInvocationHelper.invokeMethod(MethodInvocationHelper.java:84)
	at org.testng.internal.Invoker.invokeMethod(Invoker.java:714)
	at org.testng.internal.Invoker.invokeTestMethod(Invoker.java:901)
	at org.testng.internal.Invoker.invokeTestMethods(Invoker.java:1231)
	at org.testng.internal.TestMethodWorker.invokeTestMethods(TestMethodWorker.java:127)
	at org.testng.internal.TestMethodWorker.run(TestMethodWorker.java:111)
	at org.testng.TestRunner.privateRun(TestRunner.java:767)
	at org.testng.TestRunner.run(TestRunner.java:617)
	at org.testng.SuiteRunner.runTest(SuiteRunner.java:348)
	at org.testng.SuiteRunner.runSequentially(SuiteRunner.java:343)
	at org.testng.SuiteRunner.privateRun(SuiteRunner.java:305)
	at org.testng.SuiteRunner.run(SuiteRunner.java:254)
	at org.testng.SuiteRunnerWorker.runSuite(SuiteRunnerWorker.java:52)
	at org.testng.SuiteRunnerWorker.run(SuiteRunnerWorker.java:86)
	at org.testng.TestNG.runSuitesSequentially(TestNG.java:1224)
	at org.testng.TestNG.runSuitesLocally(TestNG.java:1149)
	at org.testng.TestNG.run(TestNG.java:1057)
	at org.testng.remote.AbstractRemoteTestNG.run(AbstractRemoteTestNG.java:115)
	at org.testng.remote.RemoteTestNG.initAndRun(RemoteTestNG.java:251)
	at org.testng.remote.RemoteTestNG.main(RemoteTestNG.java:77)
]]>
    </error>
  </testcase> <!-- createOrUpdateInternalAccountTest -->
  <testcase name="createOrUpdateInternalAccountTest" time="0.428" classname="in.novopay.cbs.apis.createorupdateinternalaccount.CreateOrUpdateInternalAccountTest"/>
  <testcase name="createOrUpdateInternalAccountTest" time="0.464" classname="in.novopay.cbs.apis.createorupdateinternalaccount.CreateOrUpdateInternalAccountTest"/>
  <testcase name="createOrUpdateInternalAccountTest" time="0.423" classname="in.novopay.cbs.apis.createorupdateinternalaccount.CreateOrUpdateInternalAccountTest"/>
  <testcase name="createOrUpdateInternalAccountTest" time="0.673" classname="in.novopay.cbs.apis.createorupdateinternalaccount.CreateOrUpdateInternalAccountTest"/>
  <testcase name="createOrUpdateInternalAccountTest" time="0.397" classname="in.novopay.cbs.apis.createorupdateinternalaccount.CreateOrUpdateInternalAccountTest"/>
  <testcase name="createOrUpdateInternalAccountTest" time="0.634" classname="in.novopay.cbs.apis.createorupdateinternalaccount.CreateOrUpdateInternalAccountTest"/>
  <testcase name="createOrUpdateInternalAccountTest" time="0.679" classname="in.novopay.cbs.apis.createorupdateinternalaccount.CreateOrUpdateInternalAccountTest"/>
  <testcase name="createOrUpdateInternalAccountTest" time="2.029" classname="in.novopay.cbs.apis.createorupdateinternalaccount.CreateOrUpdateInternalAccountTest"/>
  <testcase name="createOrUpdateInternalAccountTest" time="0.890" classname="in.novopay.cbs.apis.createorupdateinternalaccount.CreateOrUpdateInternalAccountTest"/>
  <testcase name="createOrUpdateInternalAccountTest" time="0.604" classname="in.novopay.cbs.apis.createorupdateinternalaccount.CreateOrUpdateInternalAccountTest"/>
  <testcase name="createOrUpdateInternalAccountTest" time="0.639" classname="in.novopay.cbs.apis.createorupdateinternalaccount.CreateOrUpdateInternalAccountTest"/>
  <testcase name="createOrUpdateInternalAccountTest" time="0.430" classname="in.novopay.cbs.apis.createorupdateinternalaccount.CreateOrUpdateInternalAccountTest"/>
  <testcase name="createOrUpdateInternalAccountTest" time="0.370" classname="in.novopay.cbs.apis.createorupdateinternalaccount.CreateOrUpdateInternalAccountTest"/>
  <testcase name="createOrUpdateInternalAccountTest" time="0.705" classname="in.novopay.cbs.apis.createorupdateinternalaccount.CreateOrUpdateInternalAccountTest"/>
  <testcase name="createOrUpdateInternalAccountTest" time="0.361" classname="in.novopay.cbs.apis.createorupdateinternalaccount.CreateOrUpdateInternalAccountTest"/>
  <testcase name="createOrUpdateInternalAccountTest" time="0.779" classname="in.novopay.cbs.apis.createorupdateinternalaccount.CreateOrUpdateInternalAccountTest"/>
  <testcase name="createOrUpdateInternalAccountTest" time="0.407" classname="in.novopay.cbs.apis.createorupdateinternalaccount.CreateOrUpdateInternalAccountTest"/>
  <testcase name="createOrUpdateInternalAccountTest" time="0.590" classname="in.novopay.cbs.apis.createorupdateinternalaccount.CreateOrUpdateInternalAccountTest"/>
  <testcase name="createOrUpdateInternalAccountTest" time="0.682" classname="in.novopay.cbs.apis.createorupdateinternalaccount.CreateOrUpdateInternalAccountTest"/>
  <testcase name="createOrUpdateInternalAccountTest" time="0.409" classname="in.novopay.cbs.apis.createorupdateinternalaccount.CreateOrUpdateInternalAccountTest"/>
  <testcase name="createOrUpdateInternalAccountTest" time="0.354" classname="in.novopay.cbs.apis.createorupdateinternalaccount.CreateOrUpdateInternalAccountTest"/>
  <testcase name="createOrUpdateInternalAccountTest" time="0.686" classname="in.novopay.cbs.apis.createorupdateinternalaccount.CreateOrUpdateInternalAccountTest"/>
  <testcase name="createOrUpdateInternalAccountTest" time="0.753" classname="in.novopay.cbs.apis.createorupdateinternalaccount.CreateOrUpdateInternalAccountTest"/>
  <testcase name="createOrUpdateInternalAccountTest" time="0.422" classname="in.novopay.cbs.apis.createorupdateinternalaccount.CreateOrUpdateInternalAccountTest"/>
  <testcase name="createOrUpdateInternalAccountTest" time="0.476" classname="in.novopay.cbs.apis.createorupdateinternalaccount.CreateOrUpdateInternalAccountTest">
    <error type="java.lang.AssertionError" message="TEST FAILED!!! Assertion error..!">
      <![CDATA[java.lang.AssertionError: TEST FAILED!!! Assertion error..!
	at org.testng.Assert.fail(Assert.java:94)
	at in.novopay.cbs.utils.ApiUtils.assertAPIResponseStatus(ApiUtils.java:306)
	at in.novopay.cbs.apis.createorupdateinternalaccount.CreateOrUpdateInternalAccountTest.createOrUpdateInternalAccountTest(CreateOrUpdateInternalAccountTest.java:46)
	at sun.reflect.NativeMethodAccessorImpl.invoke0(Native Method)
	at sun.reflect.NativeMethodAccessorImpl.invoke(NativeMethodAccessorImpl.java:62)
	at sun.reflect.DelegatingMethodAccessorImpl.invoke(DelegatingMethodAccessorImpl.java:43)
	at java.lang.reflect.Method.invoke(Method.java:498)
	at org.testng.internal.MethodInvocationHelper.invokeMethod(MethodInvocationHelper.java:84)
	at org.testng.internal.Invoker.invokeMethod(Invoker.java:714)
	at org.testng.internal.Invoker.invokeTestMethod(Invoker.java:901)
	at org.testng.internal.Invoker.invokeTestMethods(Invoker.java:1231)
	at org.testng.internal.TestMethodWorker.invokeTestMethods(TestMethodWorker.java:127)
	at org.testng.internal.TestMethodWorker.run(TestMethodWorker.java:111)
	at org.testng.TestRunner.privateRun(TestRunner.java:767)
	at org.testng.TestRunner.run(TestRunner.java:617)
	at org.testng.SuiteRunner.runTest(SuiteRunner.java:348)
	at org.testng.SuiteRunner.runSequentially(SuiteRunner.java:343)
	at org.testng.SuiteRunner.privateRun(SuiteRunner.java:305)
	at org.testng.SuiteRunner.run(SuiteRunner.java:254)
	at org.testng.SuiteRunnerWorker.runSuite(SuiteRunnerWorker.java:52)
	at org.testng.SuiteRunnerWorker.run(SuiteRunnerWorker.java:86)
	at org.testng.TestNG.runSuitesSequentially(TestNG.java:1224)
	at org.testng.TestNG.runSuitesLocally(TestNG.java:1149)
	at org.testng.TestNG.run(TestNG.java:1057)
	at org.testng.remote.AbstractRemoteTestNG.run(AbstractRemoteTestNG.java:115)
	at org.testng.remote.RemoteTestNG.initAndRun(RemoteTestNG.java:251)
	at org.testng.remote.RemoteTestNG.main(RemoteTestNG.java:77)
]]>
    </error>
  </testcase> <!-- createOrUpdateInternalAccountTest -->
  <testcase name="createOrUpdateInternalAccountTest" time="0.355" classname="in.novopay.cbs.apis.createorupdateinternalaccount.CreateOrUpdateInternalAccountTest"/>
  <testcase name="createOrUpdateInternalAccountTest" time="0.402" classname="in.novopay.cbs.apis.createorupdateinternalaccount.CreateOrUpdateInternalAccountTest"/>
  <testcase name="createOrUpdateInternalAccountTest" time="0.837" classname="in.novopay.cbs.apis.createorupdateinternalaccount.CreateOrUpdateInternalAccountTest"/>
  <testcase name="createOrUpdateInternalAccountTest" time="0.959" classname="in.novopay.cbs.apis.createorupdateinternalaccount.CreateOrUpdateInternalAccountTest"/>
  <testcase name="createOrUpdateInternalAccountTest" time="1.084" classname="in.novopay.cbs.apis.createorupdateinternalaccount.CreateOrUpdateInternalAccountTest"/>
  <testcase name="createOrUpdateInternalAccountTest" time="0.987" classname="in.novopay.cbs.apis.createorupdateinternalaccount.CreateOrUpdateInternalAccountTest"/>
  <testcase name="createOrUpdateInternalAccountTest" time="0.713" classname="in.novopay.cbs.apis.createorupdateinternalaccount.CreateOrUpdateInternalAccountTest"/>
  <testcase name="createOrUpdateInternalAccountTest" time="0.705" classname="in.novopay.cbs.apis.createorupdateinternalaccount.CreateOrUpdateInternalAccountTest"/>
  <testcase name="createOrUpdateInternalAccountTest" time="0.413" classname="in.novopay.cbs.apis.createorupdateinternalaccount.CreateOrUpdateInternalAccountTest"/>
  <testcase name="createOrUpdateInternalAccountTest" time="0.931" classname="in.novopay.cbs.apis.createorupdateinternalaccount.CreateOrUpdateInternalAccountTest"/>
  <testcase name="createOrUpdateInternalAccountTest" time="0.662" classname="in.novopay.cbs.apis.createorupdateinternalaccount.CreateOrUpdateInternalAccountTest"/>
  <testcase name="createOrUpdateInternalAccountTest" time="0.844" classname="in.novopay.cbs.apis.createorupdateinternalaccount.CreateOrUpdateInternalAccountTest"/>
  <testcase name="createOrUpdateInternalAccountTest" time="0.440" classname="in.novopay.cbs.apis.createorupdateinternalaccount.CreateOrUpdateInternalAccountTest"/>
  <testcase name="createOrUpdateInternalAccountTest" time="0.659" classname="in.novopay.cbs.apis.createorupdateinternalaccount.CreateOrUpdateInternalAccountTest">
    <error type="java.lang.AssertionError" message="TEST FAILED!!! Assertion error..!">
      <![CDATA[java.lang.AssertionError: TEST FAILED!!! Assertion error..!
	at org.testng.Assert.fail(Assert.java:94)
	at in.novopay.cbs.utils.ApiUtils.assertAPIResponseStatus(ApiUtils.java:306)
	at in.novopay.cbs.apis.createorupdateinternalaccount.CreateOrUpdateInternalAccountTest.createOrUpdateInternalAccountTest(CreateOrUpdateInternalAccountTest.java:46)
	at sun.reflect.NativeMethodAccessorImpl.invoke0(Native Method)
	at sun.reflect.NativeMethodAccessorImpl.invoke(NativeMethodAccessorImpl.java:62)
	at sun.reflect.DelegatingMethodAccessorImpl.invoke(DelegatingMethodAccessorImpl.java:43)
	at java.lang.reflect.Method.invoke(Method.java:498)
	at org.testng.internal.MethodInvocationHelper.invokeMethod(MethodInvocationHelper.java:84)
	at org.testng.internal.Invoker.invokeMethod(Invoker.java:714)
	at org.testng.internal.Invoker.invokeTestMethod(Invoker.java:901)
	at org.testng.internal.Invoker.invokeTestMethods(Invoker.java:1231)
	at org.testng.internal.TestMethodWorker.invokeTestMethods(TestMethodWorker.java:127)
	at org.testng.internal.TestMethodWorker.run(TestMethodWorker.java:111)
	at org.testng.TestRunner.privateRun(TestRunner.java:767)
	at org.testng.TestRunner.run(TestRunner.java:617)
	at org.testng.SuiteRunner.runTest(SuiteRunner.java:348)
	at org.testng.SuiteRunner.runSequentially(SuiteRunner.java:343)
	at org.testng.SuiteRunner.privateRun(SuiteRunner.java:305)
	at org.testng.SuiteRunner.run(SuiteRunner.java:254)
	at org.testng.SuiteRunnerWorker.runSuite(SuiteRunnerWorker.java:52)
	at org.testng.SuiteRunnerWorker.run(SuiteRunnerWorker.java:86)
	at org.testng.TestNG.runSuitesSequentially(TestNG.java:1224)
	at org.testng.TestNG.runSuitesLocally(TestNG.java:1149)
	at org.testng.TestNG.run(TestNG.java:1057)
	at org.testng.remote.AbstractRemoteTestNG.run(AbstractRemoteTestNG.java:115)
	at org.testng.remote.RemoteTestNG.initAndRun(RemoteTestNG.java:251)
	at org.testng.remote.RemoteTestNG.main(RemoteTestNG.java:77)
]]>
    </error>
  </testcase> <!-- createOrUpdateInternalAccountTest -->
  <testcase name="createOrUpdateInternalAccountTest" time="0.447" classname="in.novopay.cbs.apis.createorupdateinternalaccount.CreateOrUpdateInternalAccountTest"/>
  <testcase name="createOrUpdateInternalAccountTest" time="0.375" classname="in.novopay.cbs.apis.createorupdateinternalaccount.CreateOrUpdateInternalAccountTest"/>
  <testcase name="createOrUpdateInternalAccountTest" time="0.661" classname="in.novopay.cbs.apis.createorupdateinternalaccount.CreateOrUpdateInternalAccountTest"/>
  <testcase name="createOrUpdateInternalAccountTest" time="0.360" classname="in.novopay.cbs.apis.createorupdateinternalaccount.CreateOrUpdateInternalAccountTest"/>
  <testcase name="createOrUpdateInternalAccountTest" time="0.408" classname="in.novopay.cbs.apis.createorupdateinternalaccount.CreateOrUpdateInternalAccountTest"/>
  <testcase name="createOrUpdateInternalAccountTest" time="0.743" classname="in.novopay.cbs.apis.createorupdateinternalaccount.CreateOrUpdateInternalAccountTest"/>
  <testcase name="createOrUpdateInternalAccountTest" time="0.692" classname="in.novopay.cbs.apis.createorupdateinternalaccount.CreateOrUpdateInternalAccountTest"/>
  <testcase name="createOrUpdateInternalAccountTest" time="0.802" classname="in.novopay.cbs.apis.createorupdateinternalaccount.CreateOrUpdateInternalAccountTest"/>
  <testcase name="createOrUpdateInternalAccountTest" time="0.655" classname="in.novopay.cbs.apis.createorupdateinternalaccount.CreateOrUpdateInternalAccountTest"/>
  <testcase name="createOrUpdateInternalAccountTest" time="0.729" classname="in.novopay.cbs.apis.createorupdateinternalaccount.CreateOrUpdateInternalAccountTest"/>
  <testcase name="createOrUpdateInternalAccountTest" time="0.714" classname="in.novopay.cbs.apis.createorupdateinternalaccount.CreateOrUpdateInternalAccountTest"/>
  <testcase name="createOrUpdateInternalAccountTest" time="0.420" classname="in.novopay.cbs.apis.createorupdateinternalaccount.CreateOrUpdateInternalAccountTest"/>
</testsuite> <!-- in.novopay.cbs.apis.createorupdateinternalaccount.CreateOrUpdateInternalAccountTest -->
