<?xml version="1.0" encoding="UTF-8"?>
<!-- Generated by org.testng.reporters.JUnitReportReporter -->
<testsuite hostname="NRMI-55" name="in.novopay.cbs.apis.createorupdatetaxgroup.CreateOrUpdateTaxGroupTest" tests="32" failures="0" timestamp="18 Sep 2020 06:52:41 GMT" time="14.646" errors="3">
  <testcase name="createOrUpdateTaxGroupTest" time="0.405" classname="in.novopay.cbs.apis.createorupdatetaxgroup.CreateOrUpdateTaxGroupTest"/>
  <testcase name="createOrUpdateTaxGroupTest" time="0.310" classname="in.novopay.cbs.apis.createorupdatetaxgroup.CreateOrUpdateTaxGroupTest"/>
  <testcase name="createOrUpdateTaxGroupTest" time="0.332" classname="in.novopay.cbs.apis.createorupdatetaxgroup.CreateOrUpdateTaxGroupTest"/>
  <testcase name="createOrUpdateTaxGroupTest" time="0.323" classname="in.novopay.cbs.apis.createorupdatetaxgroup.CreateOrUpdateTaxGroupTest"/>
  <testcase name="createOrUpdateTaxGroupTest" time="0.414" classname="in.novopay.cbs.apis.createorupdatetaxgroup.CreateOrUpdateTaxGroupTest"/>
  <testcase name="createOrUpdateTaxGroupTest" time="0.391" classname="in.novopay.cbs.apis.createorupdatetaxgroup.CreateOrUpdateTaxGroupTest"/>
  <testcase name="createOrUpdateTaxGroupTest" time="0.637" classname="in.novopay.cbs.apis.createorupdatetaxgroup.CreateOrUpdateTaxGroupTest"/>
  <testcase name="createOrUpdateTaxGroupTest" time="0.328" classname="in.novopay.cbs.apis.createorupdatetaxgroup.CreateOrUpdateTaxGroupTest"/>
  <testcase name="createOrUpdateTaxGroupTest" time="0.356" classname="in.novopay.cbs.apis.createorupdatetaxgroup.CreateOrUpdateTaxGroupTest"/>
  <testcase name="createOrUpdateTaxGroupTest" time="0.643" classname="in.novopay.cbs.apis.createorupdatetaxgroup.CreateOrUpdateTaxGroupTest"/>
  <testcase name="createOrUpdateTaxGroupTest" time="0.396" classname="in.novopay.cbs.apis.createorupdatetaxgroup.CreateOrUpdateTaxGroupTest"/>
  <testcase name="createOrUpdateTaxGroupTest" time="0.600" classname="in.novopay.cbs.apis.createorupdatetaxgroup.CreateOrUpdateTaxGroupTest"/>
  <testcase name="createOrUpdateTaxGroupTest" time="0.656" classname="in.novopay.cbs.apis.createorupdatetaxgroup.CreateOrUpdateTaxGroupTest"/>
  <testcase name="createOrUpdateTaxGroupTest" time="0.650" classname="in.novopay.cbs.apis.createorupdatetaxgroup.CreateOrUpdateTaxGroupTest"/>
  <testcase name="createOrUpdateTaxGroupTest" time="0.390" classname="in.novopay.cbs.apis.createorupdatetaxgroup.CreateOrUpdateTaxGroupTest"/>
  <testcase name="createOrUpdateTaxGroupTest" time="0.667" classname="in.novopay.cbs.apis.createorupdatetaxgroup.CreateOrUpdateTaxGroupTest"/>
  <testcase name="createOrUpdateTaxGroupTest" time="0.355" classname="in.novopay.cbs.apis.createorupdatetaxgroup.CreateOrUpdateTaxGroupTest"/>
  <testcase name="createOrUpdateTaxGroupTest" time="0.889" classname="in.novopay.cbs.apis.createorupdatetaxgroup.CreateOrUpdateTaxGroupTest"/>
  <testcase name="createOrUpdateTaxGroupTest" time="0.356" classname="in.novopay.cbs.apis.createorupdatetaxgroup.CreateOrUpdateTaxGroupTest"/>
  <testcase name="createOrUpdateTaxGroupTest" time="0.420" classname="in.novopay.cbs.apis.createorupdatetaxgroup.CreateOrUpdateTaxGroupTest"/>
  <testcase name="createOrUpdateTaxGroupTest" time="0.341" classname="in.novopay.cbs.apis.createorupdatetaxgroup.CreateOrUpdateTaxGroupTest"/>
  <testcase name="createOrUpdateTaxGroupTest" time="0.377" classname="in.novopay.cbs.apis.createorupdatetaxgroup.CreateOrUpdateTaxGroupTest"/>
  <testcase name="createOrUpdateTaxGroupTest" time="0.367" classname="in.novopay.cbs.apis.createorupdatetaxgroup.CreateOrUpdateTaxGroupTest"/>
  <testcase name="createOrUpdateTaxGroupTest" time="0.569" classname="in.novopay.cbs.apis.createorupdatetaxgroup.CreateOrUpdateTaxGroupTest"/>
  <testcase name="createOrUpdateTaxGroupTest" time="0.489" classname="in.novopay.cbs.apis.createorupdatetaxgroup.CreateOrUpdateTaxGroupTest">
    <error type="java.lang.AssertionError" message="TEST FAILED!!! Assertion error..!">
      <![CDATA[java.lang.AssertionError: TEST FAILED!!! Assertion error..!
	at org.testng.Assert.fail(Assert.java:94)
	at in.novopay.cbs.utils.ApiUtils.assertAPIResponseStatus(ApiUtils.java:306)
	at in.novopay.cbs.apis.createorupdatetaxgroup.CreateOrUpdateTaxGroupTest.createOrUpdateTaxGroupTest(CreateOrUpdateTaxGroupTest.java:48)
	at sun.reflect.NativeMethodAccessorImpl.invoke0(Native Method)
	at sun.reflect.NativeMethodAccessorImpl.invoke(NativeMethodAccessorImpl.java:62)
	at sun.reflect.DelegatingMethodAccessorImpl.invoke(DelegatingMethodAccessorImpl.java:43)
	at java.lang.reflect.Method.invoke(Method.java:498)
	at org.testng.internal.MethodInvocationHelper.invokeMethod(MethodInvocationHelper.java:84)
	at org.testng.internal.Invoker.invokeMethod(Invoker.java:714)
	at org.testng.internal.Invoker.invokeTestMethod(Invoker.java:901)
	at org.testng.internal.Invoker.invokeTestMethods(Invoker.java:1231)
	at org.testng.internal.TestMethodWorker.invokeTestMethods(TestMethodWorker.java:127)
	at org.testng.internal.TestMethodWorker.run(TestMethodWorker.java:111)
	at org.testng.TestRunner.privateRun(TestRunner.java:767)
	at org.testng.TestRunner.run(TestRunner.java:617)
	at org.testng.SuiteRunner.runTest(SuiteRunner.java:348)
	at org.testng.SuiteRunner.runSequentially(SuiteRunner.java:343)
	at org.testng.SuiteRunner.privateRun(SuiteRunner.java:305)
	at org.testng.SuiteRunner.run(SuiteRunner.java:254)
	at org.testng.SuiteRunnerWorker.runSuite(SuiteRunnerWorker.java:52)
	at org.testng.SuiteRunnerWorker.run(SuiteRunnerWorker.java:86)
	at org.testng.TestNG.runSuitesSequentially(TestNG.java:1224)
	at org.testng.TestNG.runSuitesLocally(TestNG.java:1149)
	at org.testng.TestNG.run(TestNG.java:1057)
	at org.testng.remote.AbstractRemoteTestNG.run(AbstractRemoteTestNG.java:115)
	at org.testng.remote.RemoteTestNG.initAndRun(RemoteTestNG.java:251)
	at org.testng.remote.RemoteTestNG.main(RemoteTestNG.java:77)
]]>
    </error>
  </testcase> <!-- createOrUpdateTaxGroupTest -->
  <testcase name="createOrUpdateTaxGroupTest" time="0.371" classname="in.novopay.cbs.apis.createorupdatetaxgroup.CreateOrUpdateTaxGroupTest">
    <error type="java.lang.AssertionError" message="TEST FAILED!!! Assertion error..!">
      <![CDATA[java.lang.AssertionError: TEST FAILED!!! Assertion error..!
	at org.testng.Assert.fail(Assert.java:94)
	at in.novopay.cbs.utils.ApiUtils.assertAPIResponseStatus(ApiUtils.java:306)
	at in.novopay.cbs.apis.createorupdatetaxgroup.CreateOrUpdateTaxGroupTest.createOrUpdateTaxGroupTest(CreateOrUpdateTaxGroupTest.java:48)
	at sun.reflect.GeneratedMethodAccessor417.invoke(Unknown Source)
	at sun.reflect.DelegatingMethodAccessorImpl.invoke(DelegatingMethodAccessorImpl.java:43)
	at java.lang.reflect.Method.invoke(Method.java:498)
	at org.testng.internal.MethodInvocationHelper.invokeMethod(MethodInvocationHelper.java:84)
	at org.testng.internal.Invoker.invokeMethod(Invoker.java:714)
	at org.testng.internal.Invoker.invokeTestMethod(Invoker.java:901)
	at org.testng.internal.Invoker.invokeTestMethods(Invoker.java:1231)
	at org.testng.internal.TestMethodWorker.invokeTestMethods(TestMethodWorker.java:127)
	at org.testng.internal.TestMethodWorker.run(TestMethodWorker.java:111)
	at org.testng.TestRunner.privateRun(TestRunner.java:767)
	at org.testng.TestRunner.run(TestRunner.java:617)
	at org.testng.SuiteRunner.runTest(SuiteRunner.java:348)
	at org.testng.SuiteRunner.runSequentially(SuiteRunner.java:343)
	at org.testng.SuiteRunner.privateRun(SuiteRunner.java:305)
	at org.testng.SuiteRunner.run(SuiteRunner.java:254)
	at org.testng.SuiteRunnerWorker.runSuite(SuiteRunnerWorker.java:52)
	at org.testng.SuiteRunnerWorker.run(SuiteRunnerWorker.java:86)
	at org.testng.TestNG.runSuitesSequentially(TestNG.java:1224)
	at org.testng.TestNG.runSuitesLocally(TestNG.java:1149)
	at org.testng.TestNG.run(TestNG.java:1057)
	at org.testng.remote.AbstractRemoteTestNG.run(AbstractRemoteTestNG.java:115)
	at org.testng.remote.RemoteTestNG.initAndRun(RemoteTestNG.java:251)
	at org.testng.remote.RemoteTestNG.main(RemoteTestNG.java:77)
]]>
    </error>
  </testcase> <!-- createOrUpdateTaxGroupTest -->
  <testcase name="createOrUpdateTaxGroupTest" time="0.356" classname="in.novopay.cbs.apis.createorupdatetaxgroup.CreateOrUpdateTaxGroupTest"/>
  <testcase name="createOrUpdateTaxGroupTest" time="0.381" classname="in.novopay.cbs.apis.createorupdatetaxgroup.CreateOrUpdateTaxGroupTest">
    <error type="java.lang.AssertionError" message="TEST FAILED!!! Assertion error..!">
      <![CDATA[java.lang.AssertionError: TEST FAILED!!! Assertion error..!
	at org.testng.Assert.fail(Assert.java:94)
	at in.novopay.cbs.utils.ApiUtils.assertAPIResponseStatus(ApiUtils.java:306)
	at in.novopay.cbs.apis.createorupdatetaxgroup.CreateOrUpdateTaxGroupTest.createOrUpdateTaxGroupTest(CreateOrUpdateTaxGroupTest.java:48)
	at sun.reflect.GeneratedMethodAccessor417.invoke(Unknown Source)
	at sun.reflect.DelegatingMethodAccessorImpl.invoke(DelegatingMethodAccessorImpl.java:43)
	at java.lang.reflect.Method.invoke(Method.java:498)
	at org.testng.internal.MethodInvocationHelper.invokeMethod(MethodInvocationHelper.java:84)
	at org.testng.internal.Invoker.invokeMethod(Invoker.java:714)
	at org.testng.internal.Invoker.invokeTestMethod(Invoker.java:901)
	at org.testng.internal.Invoker.invokeTestMethods(Invoker.java:1231)
	at org.testng.internal.TestMethodWorker.invokeTestMethods(TestMethodWorker.java:127)
	at org.testng.internal.TestMethodWorker.run(TestMethodWorker.java:111)
	at org.testng.TestRunner.privateRun(TestRunner.java:767)
	at org.testng.TestRunner.run(TestRunner.java:617)
	at org.testng.SuiteRunner.runTest(SuiteRunner.java:348)
	at org.testng.SuiteRunner.runSequentially(SuiteRunner.java:343)
	at org.testng.SuiteRunner.privateRun(SuiteRunner.java:305)
	at org.testng.SuiteRunner.run(SuiteRunner.java:254)
	at org.testng.SuiteRunnerWorker.runSuite(SuiteRunnerWorker.java:52)
	at org.testng.SuiteRunnerWorker.run(SuiteRunnerWorker.java:86)
	at org.testng.TestNG.runSuitesSequentially(TestNG.java:1224)
	at org.testng.TestNG.runSuitesLocally(TestNG.java:1149)
	at org.testng.TestNG.run(TestNG.java:1057)
	at org.testng.remote.AbstractRemoteTestNG.run(AbstractRemoteTestNG.java:115)
	at org.testng.remote.RemoteTestNG.initAndRun(RemoteTestNG.java:251)
	at org.testng.remote.RemoteTestNG.main(RemoteTestNG.java:77)
]]>
    </error>
  </testcase> <!-- createOrUpdateTaxGroupTest -->
  <testcase name="createOrUpdateTaxGroupTest" time="0.303" classname="in.novopay.cbs.apis.createorupdatetaxgroup.CreateOrUpdateTaxGroupTest"/>
  <testcase name="createOrUpdateTaxGroupTest" time="0.628" classname="in.novopay.cbs.apis.createorupdatetaxgroup.CreateOrUpdateTaxGroupTest"/>
  <testcase name="createOrUpdateTaxGroupTest" time="0.340" classname="in.novopay.cbs.apis.createorupdatetaxgroup.CreateOrUpdateTaxGroupTest"/>
  <testcase name="createOrUpdateTaxGroupTest" time="0.606" classname="in.novopay.cbs.apis.createorupdatetaxgroup.CreateOrUpdateTaxGroupTest"/>
</testsuite> <!-- in.novopay.cbs.apis.createorupdatetaxgroup.CreateOrUpdateTaxGroupTest -->
