<?xml version="1.0" encoding="UTF-8"?>
<!-- Generated by org.testng.reporters.JUnitReportReporter -->
<testsuite hostname="NRMI-55" name="in.novopay.cbs.apis.createorupdateoffice.CreateOrUpdateOfficeTest" tests="47" failures="0" timestamp="18 Sep 2020 06:52:41 GMT" time="22.216" errors="7">
  <testcase name="createOrUpdateOfficeTest" time="0.434" classname="in.novopay.cbs.apis.createorupdateoffice.CreateOrUpdateOfficeTest"/>
  <testcase name="createOrUpdateOfficeTest" time="0.546" classname="in.novopay.cbs.apis.createorupdateoffice.CreateOrUpdateOfficeTest"/>
  <testcase name="createOrUpdateOfficeTest" time="0.823" classname="in.novopay.cbs.apis.createorupdateoffice.CreateOrUpdateOfficeTest">
    <error type="java.lang.AssertionError" message="TEST FAILED!!! Assertion error..!">
      <![CDATA[java.lang.AssertionError: TEST FAILED!!! Assertion error..!
	at org.testng.Assert.fail(Assert.java:94)
	at in.novopay.cbs.utils.ApiUtils.assertAPIResponseStatus(ApiUtils.java:306)
	at in.novopay.cbs.apis.createorupdateoffice.CreateOrUpdateOfficeTest.createOrUpdateOfficeTest(CreateOrUpdateOfficeTest.java:56)
	at sun.reflect.GeneratedMethodAccessor441.invoke(Unknown Source)
	at sun.reflect.DelegatingMethodAccessorImpl.invoke(DelegatingMethodAccessorImpl.java:43)
	at java.lang.reflect.Method.invoke(Method.java:498)
	at org.testng.internal.MethodInvocationHelper.invokeMethod(MethodInvocationHelper.java:84)
	at org.testng.internal.Invoker.invokeMethod(Invoker.java:714)
	at org.testng.internal.Invoker.invokeTestMethod(Invoker.java:901)
	at org.testng.internal.Invoker.invokeTestMethods(Invoker.java:1231)
	at org.testng.internal.TestMethodWorker.invokeTestMethods(TestMethodWorker.java:127)
	at org.testng.internal.TestMethodWorker.run(TestMethodWorker.java:111)
	at org.testng.TestRunner.privateRun(TestRunner.java:767)
	at org.testng.TestRunner.run(TestRunner.java:617)
	at org.testng.SuiteRunner.runTest(SuiteRunner.java:348)
	at org.testng.SuiteRunner.runSequentially(SuiteRunner.java:343)
	at org.testng.SuiteRunner.privateRun(SuiteRunner.java:305)
	at org.testng.SuiteRunner.run(SuiteRunner.java:254)
	at org.testng.SuiteRunnerWorker.runSuite(SuiteRunnerWorker.java:52)
	at org.testng.SuiteRunnerWorker.run(SuiteRunnerWorker.java:86)
	at org.testng.TestNG.runSuitesSequentially(TestNG.java:1224)
	at org.testng.TestNG.runSuitesLocally(TestNG.java:1149)
	at org.testng.TestNG.run(TestNG.java:1057)
	at org.testng.remote.AbstractRemoteTestNG.run(AbstractRemoteTestNG.java:115)
	at org.testng.remote.RemoteTestNG.initAndRun(RemoteTestNG.java:251)
	at org.testng.remote.RemoteTestNG.main(RemoteTestNG.java:77)
]]>
    </error>
  </testcase> <!-- createOrUpdateOfficeTest -->
  <testcase name="createOrUpdateOfficeTest" time="0.424" classname="in.novopay.cbs.apis.createorupdateoffice.CreateOrUpdateOfficeTest"/>
  <testcase name="createOrUpdateOfficeTest" time="0.385" classname="in.novopay.cbs.apis.createorupdateoffice.CreateOrUpdateOfficeTest"/>
  <testcase name="createOrUpdateOfficeTest" time="0.482" classname="in.novopay.cbs.apis.createorupdateoffice.CreateOrUpdateOfficeTest"/>
  <testcase name="createOrUpdateOfficeTest" time="0.493" classname="in.novopay.cbs.apis.createorupdateoffice.CreateOrUpdateOfficeTest"/>
  <testcase name="createOrUpdateOfficeTest" time="0.322" classname="in.novopay.cbs.apis.createorupdateoffice.CreateOrUpdateOfficeTest"/>
  <testcase name="createOrUpdateOfficeTest" time="0.378" classname="in.novopay.cbs.apis.createorupdateoffice.CreateOrUpdateOfficeTest"/>
  <testcase name="createOrUpdateOfficeTest" time="0.368" classname="in.novopay.cbs.apis.createorupdateoffice.CreateOrUpdateOfficeTest"/>
  <testcase name="createOrUpdateOfficeTest" time="1.152" classname="in.novopay.cbs.apis.createorupdateoffice.CreateOrUpdateOfficeTest"/>
  <testcase name="createOrUpdateOfficeTest" time="0.530" classname="in.novopay.cbs.apis.createorupdateoffice.CreateOrUpdateOfficeTest"/>
  <testcase name="createOrUpdateOfficeTest" time="0.541" classname="in.novopay.cbs.apis.createorupdateoffice.CreateOrUpdateOfficeTest"/>
  <testcase name="createOrUpdateOfficeTest" time="0.377" classname="in.novopay.cbs.apis.createorupdateoffice.CreateOrUpdateOfficeTest"/>
  <testcase name="createOrUpdateOfficeTest" time="0.360" classname="in.novopay.cbs.apis.createorupdateoffice.CreateOrUpdateOfficeTest"/>
  <testcase name="createOrUpdateOfficeTest" time="0.821" classname="in.novopay.cbs.apis.createorupdateoffice.CreateOrUpdateOfficeTest">
    <error type="java.lang.AssertionError" message="TEST FAILED!!! Assertion error..!">
      <![CDATA[java.lang.AssertionError: TEST FAILED!!! Assertion error..!
	at org.testng.Assert.fail(Assert.java:94)
	at in.novopay.cbs.utils.ApiUtils.assertAPIResponseStatus(ApiUtils.java:306)
	at in.novopay.cbs.apis.createorupdateoffice.CreateOrUpdateOfficeTest.createOrUpdateOfficeTest(CreateOrUpdateOfficeTest.java:56)
	at sun.reflect.GeneratedMethodAccessor441.invoke(Unknown Source)
	at sun.reflect.DelegatingMethodAccessorImpl.invoke(DelegatingMethodAccessorImpl.java:43)
	at java.lang.reflect.Method.invoke(Method.java:498)
	at org.testng.internal.MethodInvocationHelper.invokeMethod(MethodInvocationHelper.java:84)
	at org.testng.internal.Invoker.invokeMethod(Invoker.java:714)
	at org.testng.internal.Invoker.invokeTestMethod(Invoker.java:901)
	at org.testng.internal.Invoker.invokeTestMethods(Invoker.java:1231)
	at org.testng.internal.TestMethodWorker.invokeTestMethods(TestMethodWorker.java:127)
	at org.testng.internal.TestMethodWorker.run(TestMethodWorker.java:111)
	at org.testng.TestRunner.privateRun(TestRunner.java:767)
	at org.testng.TestRunner.run(TestRunner.java:617)
	at org.testng.SuiteRunner.runTest(SuiteRunner.java:348)
	at org.testng.SuiteRunner.runSequentially(SuiteRunner.java:343)
	at org.testng.SuiteRunner.privateRun(SuiteRunner.java:305)
	at org.testng.SuiteRunner.run(SuiteRunner.java:254)
	at org.testng.SuiteRunnerWorker.runSuite(SuiteRunnerWorker.java:52)
	at org.testng.SuiteRunnerWorker.run(SuiteRunnerWorker.java:86)
	at org.testng.TestNG.runSuitesSequentially(TestNG.java:1224)
	at org.testng.TestNG.runSuitesLocally(TestNG.java:1149)
	at org.testng.TestNG.run(TestNG.java:1057)
	at org.testng.remote.AbstractRemoteTestNG.run(AbstractRemoteTestNG.java:115)
	at org.testng.remote.RemoteTestNG.initAndRun(RemoteTestNG.java:251)
	at org.testng.remote.RemoteTestNG.main(RemoteTestNG.java:77)
]]>
    </error>
  </testcase> <!-- createOrUpdateOfficeTest -->
  <testcase name="createOrUpdateOfficeTest" time="0.314" classname="in.novopay.cbs.apis.createorupdateoffice.CreateOrUpdateOfficeTest"/>
  <testcase name="createOrUpdateOfficeTest" time="0.357" classname="in.novopay.cbs.apis.createorupdateoffice.CreateOrUpdateOfficeTest"/>
  <testcase name="createOrUpdateOfficeTest" time="0.344" classname="in.novopay.cbs.apis.createorupdateoffice.CreateOrUpdateOfficeTest"/>
  <testcase name="createOrUpdateOfficeTest" time="0.411" classname="in.novopay.cbs.apis.createorupdateoffice.CreateOrUpdateOfficeTest"/>
  <testcase name="createOrUpdateOfficeTest" time="0.371" classname="in.novopay.cbs.apis.createorupdateoffice.CreateOrUpdateOfficeTest"/>
  <testcase name="createOrUpdateOfficeTest" time="0.416" classname="in.novopay.cbs.apis.createorupdateoffice.CreateOrUpdateOfficeTest"/>
  <testcase name="createOrUpdateOfficeTest" time="0.332" classname="in.novopay.cbs.apis.createorupdateoffice.CreateOrUpdateOfficeTest"/>
  <testcase name="createOrUpdateOfficeTest" time="0.626" classname="in.novopay.cbs.apis.createorupdateoffice.CreateOrUpdateOfficeTest"/>
  <testcase name="createOrUpdateOfficeTest" time="0.629" classname="in.novopay.cbs.apis.createorupdateoffice.CreateOrUpdateOfficeTest">
    <error type="java.lang.AssertionError" message="TEST FAILED!!! Assertion error..!">
      <![CDATA[java.lang.AssertionError: TEST FAILED!!! Assertion error..!
	at org.testng.Assert.fail(Assert.java:94)
	at in.novopay.cbs.utils.ApiUtils.assertAPIResponseStatus(ApiUtils.java:306)
	at in.novopay.cbs.apis.createorupdateoffice.CreateOrUpdateOfficeTest.createOrUpdateOfficeTest(CreateOrUpdateOfficeTest.java:56)
	at sun.reflect.GeneratedMethodAccessor441.invoke(Unknown Source)
	at sun.reflect.DelegatingMethodAccessorImpl.invoke(DelegatingMethodAccessorImpl.java:43)
	at java.lang.reflect.Method.invoke(Method.java:498)
	at org.testng.internal.MethodInvocationHelper.invokeMethod(MethodInvocationHelper.java:84)
	at org.testng.internal.Invoker.invokeMethod(Invoker.java:714)
	at org.testng.internal.Invoker.invokeTestMethod(Invoker.java:901)
	at org.testng.internal.Invoker.invokeTestMethods(Invoker.java:1231)
	at org.testng.internal.TestMethodWorker.invokeTestMethods(TestMethodWorker.java:127)
	at org.testng.internal.TestMethodWorker.run(TestMethodWorker.java:111)
	at org.testng.TestRunner.privateRun(TestRunner.java:767)
	at org.testng.TestRunner.run(TestRunner.java:617)
	at org.testng.SuiteRunner.runTest(SuiteRunner.java:348)
	at org.testng.SuiteRunner.runSequentially(SuiteRunner.java:343)
	at org.testng.SuiteRunner.privateRun(SuiteRunner.java:305)
	at org.testng.SuiteRunner.run(SuiteRunner.java:254)
	at org.testng.SuiteRunnerWorker.runSuite(SuiteRunnerWorker.java:52)
	at org.testng.SuiteRunnerWorker.run(SuiteRunnerWorker.java:86)
	at org.testng.TestNG.runSuitesSequentially(TestNG.java:1224)
	at org.testng.TestNG.runSuitesLocally(TestNG.java:1149)
	at org.testng.TestNG.run(TestNG.java:1057)
	at org.testng.remote.AbstractRemoteTestNG.run(AbstractRemoteTestNG.java:115)
	at org.testng.remote.RemoteTestNG.initAndRun(RemoteTestNG.java:251)
	at org.testng.remote.RemoteTestNG.main(RemoteTestNG.java:77)
]]>
    </error>
  </testcase> <!-- createOrUpdateOfficeTest -->
  <testcase name="createOrUpdateOfficeTest" time="0.487" classname="in.novopay.cbs.apis.createorupdateoffice.CreateOrUpdateOfficeTest"/>
  <testcase name="createOrUpdateOfficeTest" time="0.431" classname="in.novopay.cbs.apis.createorupdateoffice.CreateOrUpdateOfficeTest"/>
  <testcase name="createOrUpdateOfficeTest" time="0.298" classname="in.novopay.cbs.apis.createorupdateoffice.CreateOrUpdateOfficeTest"/>
  <testcase name="createOrUpdateOfficeTest" time="0.323" classname="in.novopay.cbs.apis.createorupdateoffice.CreateOrUpdateOfficeTest"/>
  <testcase name="createOrUpdateOfficeTest" time="0.447" classname="in.novopay.cbs.apis.createorupdateoffice.CreateOrUpdateOfficeTest"/>
  <testcase name="createOrUpdateOfficeTest" time="0.598" classname="in.novopay.cbs.apis.createorupdateoffice.CreateOrUpdateOfficeTest">
    <error type="java.lang.AssertionError" message="TEST FAILED!!! Assertion error..!">
      <![CDATA[java.lang.AssertionError: TEST FAILED!!! Assertion error..!
	at org.testng.Assert.fail(Assert.java:94)
	at in.novopay.cbs.utils.ApiUtils.assertAPIResponseStatus(ApiUtils.java:306)
	at in.novopay.cbs.apis.createorupdateoffice.CreateOrUpdateOfficeTest.createOrUpdateOfficeTest(CreateOrUpdateOfficeTest.java:56)
	at sun.reflect.GeneratedMethodAccessor441.invoke(Unknown Source)
	at sun.reflect.DelegatingMethodAccessorImpl.invoke(DelegatingMethodAccessorImpl.java:43)
	at java.lang.reflect.Method.invoke(Method.java:498)
	at org.testng.internal.MethodInvocationHelper.invokeMethod(MethodInvocationHelper.java:84)
	at org.testng.internal.Invoker.invokeMethod(Invoker.java:714)
	at org.testng.internal.Invoker.invokeTestMethod(Invoker.java:901)
	at org.testng.internal.Invoker.invokeTestMethods(Invoker.java:1231)
	at org.testng.internal.TestMethodWorker.invokeTestMethods(TestMethodWorker.java:127)
	at org.testng.internal.TestMethodWorker.run(TestMethodWorker.java:111)
	at org.testng.TestRunner.privateRun(TestRunner.java:767)
	at org.testng.TestRunner.run(TestRunner.java:617)
	at org.testng.SuiteRunner.runTest(SuiteRunner.java:348)
	at org.testng.SuiteRunner.runSequentially(SuiteRunner.java:343)
	at org.testng.SuiteRunner.privateRun(SuiteRunner.java:305)
	at org.testng.SuiteRunner.run(SuiteRunner.java:254)
	at org.testng.SuiteRunnerWorker.runSuite(SuiteRunnerWorker.java:52)
	at org.testng.SuiteRunnerWorker.run(SuiteRunnerWorker.java:86)
	at org.testng.TestNG.runSuitesSequentially(TestNG.java:1224)
	at org.testng.TestNG.runSuitesLocally(TestNG.java:1149)
	at org.testng.TestNG.run(TestNG.java:1057)
	at org.testng.remote.AbstractRemoteTestNG.run(AbstractRemoteTestNG.java:115)
	at org.testng.remote.RemoteTestNG.initAndRun(RemoteTestNG.java:251)
	at org.testng.remote.RemoteTestNG.main(RemoteTestNG.java:77)
]]>
    </error>
  </testcase> <!-- createOrUpdateOfficeTest -->
  <testcase name="createOrUpdateOfficeTest" time="0.311" classname="in.novopay.cbs.apis.createorupdateoffice.CreateOrUpdateOfficeTest"/>
  <testcase name="createOrUpdateOfficeTest" time="0.479" classname="in.novopay.cbs.apis.createorupdateoffice.CreateOrUpdateOfficeTest"/>
  <testcase name="createOrUpdateOfficeTest" time="0.627" classname="in.novopay.cbs.apis.createorupdateoffice.CreateOrUpdateOfficeTest"/>
  <testcase name="createOrUpdateOfficeTest" time="0.358" classname="in.novopay.cbs.apis.createorupdateoffice.CreateOrUpdateOfficeTest"/>
  <testcase name="createOrUpdateOfficeTest" time="0.342" classname="in.novopay.cbs.apis.createorupdateoffice.CreateOrUpdateOfficeTest"/>
  <testcase name="createOrUpdateOfficeTest" time="0.573" classname="in.novopay.cbs.apis.createorupdateoffice.CreateOrUpdateOfficeTest"/>
  <testcase name="createOrUpdateOfficeTest" time="0.414" classname="in.novopay.cbs.apis.createorupdateoffice.CreateOrUpdateOfficeTest"/>
  <testcase name="createOrUpdateOfficeTest" time="0.606" classname="in.novopay.cbs.apis.createorupdateoffice.CreateOrUpdateOfficeTest"/>
  <testcase name="createOrUpdateOfficeTest" time="0.318" classname="in.novopay.cbs.apis.createorupdateoffice.CreateOrUpdateOfficeTest"/>
  <testcase name="createOrUpdateOfficeTest" time="0.382" classname="in.novopay.cbs.apis.createorupdateoffice.CreateOrUpdateOfficeTest"/>
  <testcase name="createOrUpdateOfficeTest" time="0.658" classname="in.novopay.cbs.apis.createorupdateoffice.CreateOrUpdateOfficeTest">
    <error type="java.lang.AssertionError" message="TEST FAILED!!! Assertion error..!">
      <![CDATA[java.lang.AssertionError: TEST FAILED!!! Assertion error..!
	at org.testng.Assert.fail(Assert.java:94)
	at in.novopay.cbs.utils.ApiUtils.assertAPIResponseStatus(ApiUtils.java:306)
	at in.novopay.cbs.apis.createorupdateoffice.CreateOrUpdateOfficeTest.createOrUpdateOfficeTest(CreateOrUpdateOfficeTest.java:56)
	at sun.reflect.NativeMethodAccessorImpl.invoke0(Native Method)
	at sun.reflect.NativeMethodAccessorImpl.invoke(NativeMethodAccessorImpl.java:62)
	at sun.reflect.DelegatingMethodAccessorImpl.invoke(DelegatingMethodAccessorImpl.java:43)
	at java.lang.reflect.Method.invoke(Method.java:498)
	at org.testng.internal.MethodInvocationHelper.invokeMethod(MethodInvocationHelper.java:84)
	at org.testng.internal.Invoker.invokeMethod(Invoker.java:714)
	at org.testng.internal.Invoker.invokeTestMethod(Invoker.java:901)
	at org.testng.internal.Invoker.invokeTestMethods(Invoker.java:1231)
	at org.testng.internal.TestMethodWorker.invokeTestMethods(TestMethodWorker.java:127)
	at org.testng.internal.TestMethodWorker.run(TestMethodWorker.java:111)
	at org.testng.TestRunner.privateRun(TestRunner.java:767)
	at org.testng.TestRunner.run(TestRunner.java:617)
	at org.testng.SuiteRunner.runTest(SuiteRunner.java:348)
	at org.testng.SuiteRunner.runSequentially(SuiteRunner.java:343)
	at org.testng.SuiteRunner.privateRun(SuiteRunner.java:305)
	at org.testng.SuiteRunner.run(SuiteRunner.java:254)
	at org.testng.SuiteRunnerWorker.runSuite(SuiteRunnerWorker.java:52)
	at org.testng.SuiteRunnerWorker.run(SuiteRunnerWorker.java:86)
	at org.testng.TestNG.runSuitesSequentially(TestNG.java:1224)
	at org.testng.TestNG.runSuitesLocally(TestNG.java:1149)
	at org.testng.TestNG.run(TestNG.java:1057)
	at org.testng.remote.AbstractRemoteTestNG.run(AbstractRemoteTestNG.java:115)
	at org.testng.remote.RemoteTestNG.initAndRun(RemoteTestNG.java:251)
	at org.testng.remote.RemoteTestNG.main(RemoteTestNG.java:77)
]]>
    </error>
  </testcase> <!-- createOrUpdateOfficeTest -->
  <testcase name="createOrUpdateOfficeTest" time="0.374" classname="in.novopay.cbs.apis.createorupdateoffice.CreateOrUpdateOfficeTest"/>
  <testcase name="createOrUpdateOfficeTest" time="0.364" classname="in.novopay.cbs.apis.createorupdateoffice.CreateOrUpdateOfficeTest"/>
  <testcase name="createOrUpdateOfficeTest" time="0.630" classname="in.novopay.cbs.apis.createorupdateoffice.CreateOrUpdateOfficeTest">
    <error type="java.lang.AssertionError" message="TEST FAILED!!! Assertion error..!">
      <![CDATA[java.lang.AssertionError: TEST FAILED!!! Assertion error..!
	at org.testng.Assert.fail(Assert.java:94)
	at in.novopay.cbs.utils.ApiUtils.assertAPIResponseStatus(ApiUtils.java:306)
	at in.novopay.cbs.apis.createorupdateoffice.CreateOrUpdateOfficeTest.createOrUpdateOfficeTest(CreateOrUpdateOfficeTest.java:56)
	at sun.reflect.GeneratedMethodAccessor441.invoke(Unknown Source)
	at sun.reflect.DelegatingMethodAccessorImpl.invoke(DelegatingMethodAccessorImpl.java:43)
	at java.lang.reflect.Method.invoke(Method.java:498)
	at org.testng.internal.MethodInvocationHelper.invokeMethod(MethodInvocationHelper.java:84)
	at org.testng.internal.Invoker.invokeMethod(Invoker.java:714)
	at org.testng.internal.Invoker.invokeTestMethod(Invoker.java:901)
	at org.testng.internal.Invoker.invokeTestMethods(Invoker.java:1231)
	at org.testng.internal.TestMethodWorker.invokeTestMethods(TestMethodWorker.java:127)
	at org.testng.internal.TestMethodWorker.run(TestMethodWorker.java:111)
	at org.testng.TestRunner.privateRun(TestRunner.java:767)
	at org.testng.TestRunner.run(TestRunner.java:617)
	at org.testng.SuiteRunner.runTest(SuiteRunner.java:348)
	at org.testng.SuiteRunner.runSequentially(SuiteRunner.java:343)
	at org.testng.SuiteRunner.privateRun(SuiteRunner.java:305)
	at org.testng.SuiteRunner.run(SuiteRunner.java:254)
	at org.testng.SuiteRunnerWorker.runSuite(SuiteRunnerWorker.java:52)
	at org.testng.SuiteRunnerWorker.run(SuiteRunnerWorker.java:86)
	at org.testng.TestNG.runSuitesSequentially(TestNG.java:1224)
	at org.testng.TestNG.runSuitesLocally(TestNG.java:1149)
	at org.testng.TestNG.run(TestNG.java:1057)
	at org.testng.remote.AbstractRemoteTestNG.run(AbstractRemoteTestNG.java:115)
	at org.testng.remote.RemoteTestNG.initAndRun(RemoteTestNG.java:251)
	at org.testng.remote.RemoteTestNG.main(RemoteTestNG.java:77)
]]>
    </error>
  </testcase> <!-- createOrUpdateOfficeTest -->
  <testcase name="createOrUpdateOfficeTest" time="0.632" classname="in.novopay.cbs.apis.createorupdateoffice.CreateOrUpdateOfficeTest">
    <error type="java.lang.AssertionError" message="TEST FAILED!!! Assertion error..!">
      <![CDATA[java.lang.AssertionError: TEST FAILED!!! Assertion error..!
	at org.testng.Assert.fail(Assert.java:94)
	at in.novopay.cbs.utils.ApiUtils.assertAPIResponseStatus(ApiUtils.java:306)
	at in.novopay.cbs.apis.createorupdateoffice.CreateOrUpdateOfficeTest.createOrUpdateOfficeTest(CreateOrUpdateOfficeTest.java:56)
	at sun.reflect.GeneratedMethodAccessor441.invoke(Unknown Source)
	at sun.reflect.DelegatingMethodAccessorImpl.invoke(DelegatingMethodAccessorImpl.java:43)
	at java.lang.reflect.Method.invoke(Method.java:498)
	at org.testng.internal.MethodInvocationHelper.invokeMethod(MethodInvocationHelper.java:84)
	at org.testng.internal.Invoker.invokeMethod(Invoker.java:714)
	at org.testng.internal.Invoker.invokeTestMethod(Invoker.java:901)
	at org.testng.internal.Invoker.invokeTestMethods(Invoker.java:1231)
	at org.testng.internal.TestMethodWorker.invokeTestMethods(TestMethodWorker.java:127)
	at org.testng.internal.TestMethodWorker.run(TestMethodWorker.java:111)
	at org.testng.TestRunner.privateRun(TestRunner.java:767)
	at org.testng.TestRunner.run(TestRunner.java:617)
	at org.testng.SuiteRunner.runTest(SuiteRunner.java:348)
	at org.testng.SuiteRunner.runSequentially(SuiteRunner.java:343)
	at org.testng.SuiteRunner.privateRun(SuiteRunner.java:305)
	at org.testng.SuiteRunner.run(SuiteRunner.java:254)
	at org.testng.SuiteRunnerWorker.runSuite(SuiteRunnerWorker.java:52)
	at org.testng.SuiteRunnerWorker.run(SuiteRunnerWorker.java:86)
	at org.testng.TestNG.runSuitesSequentially(TestNG.java:1224)
	at org.testng.TestNG.runSuitesLocally(TestNG.java:1149)
	at org.testng.TestNG.run(TestNG.java:1057)
	at org.testng.remote.AbstractRemoteTestNG.run(AbstractRemoteTestNG.java:115)
	at org.testng.remote.RemoteTestNG.initAndRun(RemoteTestNG.java:251)
	at org.testng.remote.RemoteTestNG.main(RemoteTestNG.java:77)
]]>
    </error>
  </testcase> <!-- createOrUpdateOfficeTest -->
  <testcase name="createOrUpdateOfficeTest" time="0.328" classname="in.novopay.cbs.apis.createorupdateoffice.CreateOrUpdateOfficeTest"/>
</testsuite> <!-- in.novopay.cbs.apis.createorupdateoffice.CreateOrUpdateOfficeTest -->
